Arguments: 
  /usr/bin/node /home/jonit/.yarn/bin/yarn.js add @openzeppelin

PATH: 
  /home/jonit/.local/share/pnpm:/home/jonit/.yarn/bin:/home/jonit/.config/yarn/global/node_modules/.bin:/usr/share/rvm/gems/ruby-2.6.6/bin:/home/jonit/.rbenv/plugins/ruby-build/bin:/home/jonit/.rbenv/shims:/home/jonit/.rbenv/bin:/home/jonit/.pyenv/plugins/pyenv-virtualenv/shims:/home/jonit/.pyenv/shims:/home/jonit/.pyenv/bin:/home/jonit/.local/share/pnpm:/home/jonit/.yarn/bin:/home/jonit/.config/yarn/global/node_modules/.bin:/usr/share/rvm/gems/ruby-2.6.6/bin:/home/jonit/.rbenv/plugins/ruby-build/bin:/home/jonit/.rbenv/shims:/home/jonit/.rbenv/bin:/home/jonit/.pyenv/plugins/pyenv-virtualenv/shims:/home/jonit/.pyenv/shims:/home/jonit/.pyenv/bin:/usr/share/rvm/gems/ruby-2.6.6/bin:/usr/share/rvm/gems/ruby-2.6.6@global/bin:/usr/share/rvm/rubies/ruby-2.6.6/bin:/usr/local/sbin:/usr/local/bin:/usr/sbin:/usr/bin:/sbin:/bin:/usr/games:/usr/local/games:/snap/bin:/usr/share/rvm/bin:/home/jonit/android-studio/jre/bin:/home/jonit/Android/Sdk/tools/bin:/home/jonit/Android/Sdk/platform-tools:/home/jonit/Android/Sdk/emulator:/home/jonit/.rvm/bin:/home/jonit/android-studio/jre/bin:/home/jonit/Android/Sdk/tools/bin:/home/jonit/Android/Sdk/platform-tools:/home/jonit/Android/Sdk/emulator:/home/jonit/.rvm/bin

Yarn version: 
  1.22.18

Node version: 
  14.19.0

Platform: 
  linux x64

Trace: 
  Error: https://registry.npmjs.org/@openzeppelin: Request "https://registry.npmjs.org/@openzeppelin" returned a 405
      at Request.params.callback [as _callback] (/home/jonit/.yarn/lib/cli.js:66147:18)
      at Request.self.callback (/home/jonit/.yarn/lib/cli.js:140883:22)
      at Request.emit (events.js:400:28)
      at Request.<anonymous> (/home/jonit/.yarn/lib/cli.js:141855:10)
      at Request.emit (events.js:400:28)
      at IncomingMessage.<anonymous> (/home/jonit/.yarn/lib/cli.js:141777:12)
      at Object.onceWrapper (events.js:519:28)
      at IncomingMessage.emit (events.js:412:35)
      at endReadableNT (internal/streams/readable.js:1334:12)
      at processTicksAndRejections (internal/process/task_queues.js:82:21)

npm manifest: 
  {
    "name": "nft-smart-contract",
    "version": "1.0.0",
    "main": "index.js",
    "license": "MIT"
  }

yarn manifest: 
  No manifest

Lockfile: 
  # THIS IS AN AUTOGENERATED FILE. DO NOT EDIT THIS FILE DIRECTLY.
  # yarn lockfile v1
  
  
  "@openzeppelin/contracts@^4.5.0":
    version "4.5.0"
    resolved "https://registry.yarnpkg.com/@openzeppelin/contracts/-/contracts-4.5.0.tgz#3fd75d57de172b3743cdfc1206883f56430409cc"
    integrity sha512-fdkzKPYMjrRiPK6K4y64e6GzULR7R7RwxSigHS8DDp7aWDeoReqsQI+cxHV1UuhAqX69L1lAaWDxenfP+xiqzA==
